==== 2026-03-05 14:54:44 snapshot ====
 id | status | hangup_cause | started_at | destination_number | username | extension 
----+--------+--------------+------------+--------------------+----------+-----------
(0 rows)


==== 2026-03-05 14:54:47 snapshot ====
 id | status | hangup_cause | started_at | destination_number | username | extension 
----+--------+--------------+------------+--------------------+----------+-----------
(0 rows)


==== 2026-03-05 14:54:51 snapshot ====
 id | status | hangup_cause | started_at | destination_number | username | extension 
----+--------+--------------+------------+--------------------+----------+-----------
(0 rows)


==== 2026-03-05 14:54:55 snapshot ====
 id | status | hangup_cause | started_at | destination_number | username | extension 
----+--------+--------------+------------+--------------------+----------+-----------
(0 rows)


==== 2026-03-05 14:54:58 snapshot ====
 id | status | hangup_cause | started_at | destination_number | username | extension 
----+--------+--------------+------------+--------------------+----------+-----------
(0 rows)


==== 2026-03-05 14:55:02 snapshot ====
 id | status | hangup_cause | started_at | destination_number | username | extension 
----+--------+--------------+------------+--------------------+----------+-----------
(0 rows)


==== 2026-03-05 14:55:05 snapshot ====
 id | status | hangup_cause | started_at | destination_number | username | extension 
----+--------+--------------+------------+--------------------+----------+-----------
(0 rows)


==== 2026-03-05 14:55:09 snapshot ====
 id | status | hangup_cause | started_at | destination_number | username | extension 
----+--------+--------------+------------+--------------------+----------+-----------
(0 rows)


==== 2026-03-05 14:55:12 snapshot ====
 id | status | hangup_cause | started_at | destination_number | username | extension 
----+--------+--------------+------------+--------------------+----------+-----------
(0 rows)


==== 2026-03-05 14:55:16 snapshot ====
 id | status | hangup_cause | started_at | destination_number | username | extension 
----+--------+--------------+------------+--------------------+----------+-----------
(0 rows)


==== 2026-03-05 14:55:19 snapshot ====
 id | status | hangup_cause | started_at | destination_number | username | extension 
----+--------+--------------+------------+--------------------+----------+-----------
(0 rows)


==== 2026-03-05 14:55:23 snapshot ====
 id | status | hangup_cause | started_at | destination_number | username | extension 
----+--------+--------------+------------+--------------------+----------+-----------
(0 rows)


==== 2026-03-05 14:55:26 snapshot ====
 id | status | hangup_cause | started_at | destination_number | username | extension 
----+--------+--------------+------------+--------------------+----------+-----------
(0 rows)


==== 2026-03-05 14:55:30 snapshot ====
 id | status | hangup_cause | started_at | destination_number | username | extension 
----+--------+--------------+------------+--------------------+----------+-----------
(0 rows)

PJSIP/1001-0000004b!from-internal!s!1!Ringing!AppDial2!(Outgoing Line)!05327804227!!!3!0!!1772711730.135

==== 2026-03-05 14:55:33 snapshot ====
                  id                  | status  | hangup_cause |         started_at         | destination_number | username | extension 
--------------------------------------+---------+--------------+----------------------------+--------------------+----------+-----------
 e08268a4-09aa-4d04-bd97-3915532a2c3a | ringing |              | 2026-03-05 11:55:32.024194 | 05327804227        | agent12  | 1001
(1 row)

PJSIP/1001-0000004b!from-internal!905327804227!6!Up!Dial!PJSIP/fct-trunk/sip:05327804227@192.168.1.100:5060,30!05327804227!!!3!3!!1772711730.135
PJSIP/fct-trunk-0000004c!from-pstn!905327804227!1!Down!AppDial!(Outgoing Line)!905327804227!!!3!2!!1772711732.136

==== 2026-03-05 14:55:37 snapshot ====
                  id                  | status  | hangup_cause |         started_at         | destination_number | username | extension 
--------------------------------------+---------+--------------+----------------------------+--------------------+----------+-----------
 e08268a4-09aa-4d04-bd97-3915532a2c3a | ringing |              | 2026-03-05 11:55:32.024194 | 05327804227        | agent12  | 1001
(1 row)

PJSIP/1001-0000004b!from-internal!905327804227!6!Up!Dial!PJSIP/fct-trunk/sip:05327804227@192.168.1.100:5060,30!05327804227!!!3!7!!1772711730.135
PJSIP/fct-trunk-0000004c!from-pstn!905327804227!1!Down!AppDial!(Outgoing Line)!905327804227!!!3!5!!1772711732.136

==== 2026-03-05 14:55:40 snapshot ====
                  id                  | status  | hangup_cause |         started_at         | destination_number | username | extension 
--------------------------------------+---------+--------------+----------------------------+--------------------+----------+-----------
 e08268a4-09aa-4d04-bd97-3915532a2c3a | ringing |              | 2026-03-05 11:55:32.024194 | 05327804227        | agent12  | 1001
(1 row)

PJSIP/1001-0000004b!from-internal!905327804227!6!Up!Dial!PJSIP/fct-trunk/sip:05327804227@192.168.1.100:5060,30!05327804227!!!3!10!!1772711730.135
PJSIP/fct-trunk-0000004c!from-pstn!905327804227!1!Down!AppDial!(Outgoing Line)!905327804227!!!3!9!!1772711732.136

==== 2026-03-05 14:55:44 snapshot ====
                  id                  | status  | hangup_cause |         started_at         | destination_number | username | extension 
--------------------------------------+---------+--------------+----------------------------+--------------------+----------+-----------
 e08268a4-09aa-4d04-bd97-3915532a2c3a | ringing |              | 2026-03-05 11:55:32.024194 | 05327804227        | agent12  | 1001
(1 row)

PJSIP/1001-0000004b!from-internal!905327804227!6!Up!Dial!PJSIP/fct-trunk/sip:05327804227@192.168.1.100:5060,30!05327804227!!!3!14!!1772711730.135
PJSIP/fct-trunk-0000004c!from-pstn!905327804227!1!Down!AppDial!(Outgoing Line)!905327804227!!!3!12!!1772711732.136

==== 2026-03-05 14:55:47 snapshot ====
                  id                  | status  | hangup_cause |         started_at         | destination_number | username | extension 
--------------------------------------+---------+--------------+----------------------------+--------------------+----------+-----------
 e08268a4-09aa-4d04-bd97-3915532a2c3a | ringing |              | 2026-03-05 11:55:32.024194 | 05327804227        | agent12  | 1001
(1 row)

PJSIP/1001-0000004b!from-internal!905327804227!6!Up!Dial!PJSIP/fct-trunk/sip:05327804227@192.168.1.100:5060,30!05327804227!!!3!17!!1772711730.135
PJSIP/fct-trunk-0000004c!from-pstn!905327804227!1!Down!AppDial!(Outgoing Line)!905327804227!!!3!16!!1772711732.136

==== 2026-03-05 14:55:51 snapshot ====
                  id                  | status  | hangup_cause |         started_at         | destination_number | username | extension 
--------------------------------------+---------+--------------+----------------------------+--------------------+----------+-----------
 e08268a4-09aa-4d04-bd97-3915532a2c3a | ringing |              | 2026-03-05 11:55:32.024194 | 05327804227        | agent12  | 1001
(1 row)

PJSIP/1001-0000004b!from-internal!905327804227!6!Up!Dial!PJSIP/fct-trunk/sip:05327804227@192.168.1.100:5060,30!05327804227!!!3!21!!1772711730.135
PJSIP/fct-trunk-0000004c!from-pstn!905327804227!1!Down!AppDial!(Outgoing Line)!905327804227!!!3!19!!1772711732.136

==== 2026-03-05 14:55:54 snapshot ====
                  id                  | status  | hangup_cause |         started_at         | destination_number | username | extension 
--------------------------------------+---------+--------------+----------------------------+--------------------+----------+-----------
 e08268a4-09aa-4d04-bd97-3915532a2c3a | ringing |              | 2026-03-05 11:55:32.024194 | 05327804227        | agent12  | 1001
(1 row)

PJSIP/1001-0000004b!from-internal!905327804227!6!Up!Dial!PJSIP/fct-trunk/sip:05327804227@192.168.1.100:5060,30!05327804227!!!3!24!!1772711730.135
PJSIP/fct-trunk-0000004c!from-pstn!905327804227!1!Down!AppDial!(Outgoing Line)!905327804227!!!3!23!!1772711732.136

==== 2026-03-05 14:55:58 snapshot ====
                  id                  | status  | hangup_cause |         started_at         | destination_number | username | extension 
--------------------------------------+---------+--------------+----------------------------+--------------------+----------+-----------
 e08268a4-09aa-4d04-bd97-3915532a2c3a | ringing |              | 2026-03-05 11:55:32.024194 | 05327804227        | agent12  | 1001
(1 row)

PJSIP/1001-0000004b!from-internal!905327804227!6!Up!Dial!PJSIP/fct-trunk/sip:05327804227@192.168.1.100:5060,30!05327804227!!!3!28!!1772711730.135
PJSIP/fct-trunk-0000004c!from-pstn!905327804227!1!Down!AppDial!(Outgoing Line)!905327804227!!!3!26!!1772711732.136

==== 2026-03-05 14:56:01 snapshot ====
                  id                  | status  | hangup_cause |         started_at         | destination_number | username | extension 
--------------------------------------+---------+--------------+----------------------------+--------------------+----------+-----------
 e08268a4-09aa-4d04-bd97-3915532a2c3a | ringing |              | 2026-03-05 11:55:32.024194 | 05327804227        | agent12  | 1001
(1 row)


==== 2026-03-05 14:56:05 snapshot ====
                  id                  | status  | hangup_cause |         started_at         | destination_number | username | extension 
--------------------------------------+---------+--------------+----------------------------+--------------------+----------+-----------
 e08268a4-09aa-4d04-bd97-3915532a2c3a | ringing |              | 2026-03-05 11:55:32.024194 | 05327804227        | agent12  | 1001
(1 row)


==== 2026-03-05 14:56:08 snapshot ====
                  id                  |   status   | hangup_cause |         started_at         | destination_number | username | extension 
--------------------------------------+------------+--------------+----------------------------+--------------------+----------+-----------
 3641b3e3-f4c0-4542-930f-52c69cbd5df3 | initiating |              | 2026-03-05 11:56:08.012951 | 05327804227        | agent12  | 1001
(1 row)

PJSIP/1001-0000004d!from-internal!s!1!Ringing!AppDial2!(Outgoing Line)!05327804227!!!3!0!!1772711768.139

==== 2026-03-05 14:56:12 snapshot ====
                  id                  | status  | hangup_cause |        started_at         | destination_number | username | extension 
--------------------------------------+---------+--------------+---------------------------+--------------------+----------+-----------
 3641b3e3-f4c0-4542-930f-52c69cbd5df3 | ringing |              | 2026-03-05 11:56:10.13514 | 05327804227        | agent12  | 1001
(1 row)

PJSIP/1001-0000004d!from-internal!905327804227!6!Up!Dial!PJSIP/fct-trunk/sip:05327804227@192.168.1.100:5060,30!05327804227!!!3!4!!1772711768.139
PJSIP/fct-trunk-0000004e!from-pstn!905327804227!1!Down!AppDial!(Outgoing Line)!905327804227!!!3!2!!1772711770.140

==== 2026-03-05 14:56:15 snapshot ====
                  id                  | status  | hangup_cause |        started_at         | destination_number | username | extension 
--------------------------------------+---------+--------------+---------------------------+--------------------+----------+-----------
 3641b3e3-f4c0-4542-930f-52c69cbd5df3 | ringing |              | 2026-03-05 11:56:10.13514 | 05327804227        | agent12  | 1001
(1 row)

PJSIP/1001-0000004d!from-internal!905327804227!6!Up!Dial!PJSIP/fct-trunk/sip:05327804227@192.168.1.100:5060,30!05327804227!!!3!7!!1772711768.139
PJSIP/fct-trunk-0000004e!from-pstn!905327804227!1!Down!AppDial!(Outgoing Line)!905327804227!!!3!5!!1772711770.140

==== 2026-03-05 14:56:18 snapshot ====
                  id                  | status  | hangup_cause |        started_at         | destination_number | username | extension 
--------------------------------------+---------+--------------+---------------------------+--------------------+----------+-----------
 3641b3e3-f4c0-4542-930f-52c69cbd5df3 | ringing |              | 2026-03-05 11:56:10.13514 | 05327804227        | agent12  | 1001
(1 row)

PJSIP/1001-0000004d!from-internal!905327804227!6!Up!Dial!PJSIP/fct-trunk/sip:05327804227@192.168.1.100:5060,30!05327804227!!!3!11!!1772711768.139
PJSIP/fct-trunk-0000004e!from-pstn!905327804227!1!Down!AppDial!(Outgoing Line)!905327804227!!!3!9!!1772711770.140

==== 2026-03-05 14:56:22 snapshot ====
                  id                  | status  | hangup_cause |        started_at         | destination_number | username | extension 
--------------------------------------+---------+--------------+---------------------------+--------------------+----------+-----------
 3641b3e3-f4c0-4542-930f-52c69cbd5df3 | ringing |              | 2026-03-05 11:56:10.13514 | 05327804227        | agent12  | 1001
(1 row)

PJSIP/1001-0000004d!from-internal!905327804227!6!Up!Dial!PJSIP/fct-trunk/sip:05327804227@192.168.1.100:5060,30!05327804227!!!3!14!!1772711768.139
PJSIP/fct-trunk-0000004e!from-pstn!905327804227!1!Down!AppDial!(Outgoing Line)!905327804227!!!3!12!!1772711770.140

==== 2026-03-05 14:56:25 snapshot ====
 id | status | hangup_cause | started_at | destination_number | username | extension 
----+--------+--------------+------------+--------------------+----------+-----------
(0 rows)


==== 2026-03-05 14:56:29 snapshot ====
                  id                  |   status   | hangup_cause |         started_at         | destination_number | username | extension 
--------------------------------------+------------+--------------+----------------------------+--------------------+----------+-----------
 3641ac0f-55a7-42f6-928e-da7d72632ea8 | initiating |              | 2026-03-05 11:56:28.995393 | 05327804227        | agent12  | 1001
(1 row)

PJSIP/1001-0000004f!from-internal!s!1!Ringing!AppDial2!(Outgoing Line)!05327804227!!!3!1!!1772711789.142

==== 2026-03-05 14:56:33 snapshot ====
                  id                  | status  | hangup_cause |         started_at         | destination_number | username | extension 
--------------------------------------+---------+--------------+----------------------------+--------------------+----------+-----------
 3641ac0f-55a7-42f6-928e-da7d72632ea8 | ringing |              | 2026-03-05 11:56:30.797812 | 05327804227        | agent12  | 1001
(1 row)

PJSIP/1001-0000004f!from-internal!905327804227!6!Up!Dial!PJSIP/fct-trunk/sip:05327804227@192.168.1.100:5060,30!05327804227!!!3!4!!1772711789.142
PJSIP/fct-trunk-00000050!from-pstn!905327804227!1!Down!AppDial!(Outgoing Line)!905327804227!!!3!2!!1772711790.143

==== 2026-03-05 14:56:36 snapshot ====
                  id                  | status  | hangup_cause |         started_at         | destination_number | username | extension 
--------------------------------------+---------+--------------+----------------------------+--------------------+----------+-----------
 3641ac0f-55a7-42f6-928e-da7d72632ea8 | ringing |              | 2026-03-05 11:56:30.797812 | 05327804227        | agent12  | 1001
(1 row)

PJSIP/1001-0000004f!from-internal!905327804227!6!Up!Dial!PJSIP/fct-trunk/sip:05327804227@192.168.1.100:5060,30!05327804227!!!3!7!!1772711789.142
PJSIP/fct-trunk-00000050!from-pstn!905327804227!1!Down!AppDial!(Outgoing Line)!905327804227!!!3!6!!1772711790.143

==== 2026-03-05 14:56:39 snapshot ====
                  id                  | status  | hangup_cause |         started_at         | destination_number | username | extension 
--------------------------------------+---------+--------------+----------------------------+--------------------+----------+-----------
 3641ac0f-55a7-42f6-928e-da7d72632ea8 | ringing |              | 2026-03-05 11:56:30.797812 | 05327804227        | agent12  | 1001
(1 row)

PJSIP/1001-0000004f!from-internal!905327804227!6!Up!Dial!PJSIP/fct-trunk/sip:05327804227@192.168.1.100:5060,30!05327804227!!!3!11!!1772711789.142
PJSIP/fct-trunk-00000050!from-pstn!905327804227!1!Down!AppDial!(Outgoing Line)!905327804227!!!3!9!!1772711790.143

==== 2026-03-05 14:56:43 snapshot ====
 id | status | hangup_cause | started_at | destination_number | username | extension 
----+--------+--------------+------------+--------------------+----------+-----------
(0 rows)


==== 2026-03-05 14:56:46 snapshot ====
 id | status | hangup_cause | started_at | destination_number | username | extension 
----+--------+--------------+------------+--------------------+----------+-----------
(0 rows)


==== 2026-03-05 14:56:50 snapshot ====
 id | status | hangup_cause | started_at | destination_number | username | extension 
----+--------+--------------+------------+--------------------+----------+-----------
(0 rows)


==== 2026-03-05 14:56:54 snapshot ====
 id | status | hangup_cause | started_at | destination_number | username | extension 
----+--------+--------------+------------+--------------------+----------+-----------
(0 rows)


==== 2026-03-05 14:56:57 snapshot ====
 id | status | hangup_cause | started_at | destination_number | username | extension 
----+--------+--------------+------------+--------------------+----------+-----------
(0 rows)


==== 2026-03-05 14:57:01 snapshot ====
 id | status | hangup_cause | started_at | destination_number | username | extension 
----+--------+--------------+------------+--------------------+----------+-----------
(0 rows)


==== 2026-03-05 14:57:04 snapshot ====
 id | status | hangup_cause | started_at | destination_number | username | extension 
----+--------+--------------+------------+--------------------+----------+-----------
(0 rows)


==== 2026-03-05 14:57:08 snapshot ====
 id | status | hangup_cause | started_at | destination_number | username | extension 
----+--------+--------------+------------+--------------------+----------+-----------
(0 rows)


==== 2026-03-05 14:57:11 snapshot ====
 id | status | hangup_cause | started_at | destination_number | username | extension 
----+--------+--------------+------------+--------------------+----------+-----------
(0 rows)


==== 2026-03-05 14:57:15 snapshot ====
 id | status | hangup_cause | started_at | destination_number | username | extension 
----+--------+--------------+------------+--------------------+----------+-----------
(0 rows)


==== 2026-03-05 14:57:18 snapshot ====
 id | status | hangup_cause | started_at | destination_number | username | extension 
----+--------+--------------+------------+--------------------+----------+-----------
(0 rows)


==== 2026-03-05 14:57:22 snapshot ====
 id | status | hangup_cause | started_at | destination_number | username | extension 
----+--------+--------------+------------+--------------------+----------+-----------
(0 rows)


==== 2026-03-05 14:57:25 snapshot ====
 id | status | hangup_cause | started_at | destination_number | username | extension 
----+--------+--------------+------------+--------------------+----------+-----------
(0 rows)


==== 2026-03-05 14:57:29 snapshot ====
 id | status | hangup_cause | started_at | destination_number | username | extension 
----+--------+--------------+------------+--------------------+----------+-----------
(0 rows)


==== 2026-03-05 14:57:32 snapshot ====
 id | status | hangup_cause | started_at | destination_number | username | extension 
----+--------+--------------+------------+--------------------+----------+-----------
(0 rows)


==== 2026-03-05 14:57:36 snapshot ====
 id | status | hangup_cause | started_at | destination_number | username | extension 
----+--------+--------------+------------+--------------------+----------+-----------
(0 rows)


==== 2026-03-05 14:57:40 snapshot ====
 id | status | hangup_cause | started_at | destination_number | username | extension 
----+--------+--------------+------------+--------------------+----------+-----------
(0 rows)


==== 2026-03-05 14:57:43 snapshot ====
 id | status | hangup_cause | started_at | destination_number | username | extension 
----+--------+--------------+------------+--------------------+----------+-----------
(0 rows)


==== 2026-03-05 14:57:47 snapshot ====
 id | status | hangup_cause | started_at | destination_number | username | extension 
----+--------+--------------+------------+--------------------+----------+-----------
(0 rows)


==== 2026-03-05 14:57:51 snapshot ====
 id | status | hangup_cause | started_at | destination_number | username | extension 
----+--------+--------------+------------+--------------------+----------+-----------
(0 rows)


==== 2026-03-05 14:57:54 snapshot ====
 id | status | hangup_cause | started_at | destination_number | username | extension 
----+--------+--------------+------------+--------------------+----------+-----------
(0 rows)


==== 2026-03-05 14:57:58 snapshot ====
 id | status | hangup_cause | started_at | destination_number | username | extension 
----+--------+--------------+------------+--------------------+----------+-----------
(0 rows)


==== 2026-03-05 14:58:01 snapshot ====
 id | status | hangup_cause | started_at | destination_number | username | extension 
----+--------+--------------+------------+--------------------+----------+-----------
(0 rows)


==== 2026-03-05 14:58:05 snapshot ====
 id | status | hangup_cause | started_at | destination_number | username | extension 
----+--------+--------------+------------+--------------------+----------+-----------
(0 rows)


==== 2026-03-05 14:58:08 snapshot ====
 id | status | hangup_cause | started_at | destination_number | username | extension 
----+--------+--------------+------------+--------------------+----------+-----------
(0 rows)


==== 2026-03-05 14:58:12 snapshot ====
 id | status | hangup_cause | started_at | destination_number | username | extension 
----+--------+--------------+------------+--------------------+----------+-----------
(0 rows)


==== 2026-03-05 14:58:16 snapshot ====
 id | status | hangup_cause | started_at | destination_number | username | extension 
----+--------+--------------+------------+--------------------+----------+-----------
(0 rows)


